<?xml version="1.0" encoding="UTF-8"?>
<!-- Generated by org.testng.reporters.JUnitXMLReporter -->
<testsuite hostname="PTD23416" name="Default test" tests="3" failures="0" timestamp="4 Feb 2016 12:46:55 GMT" time="27.559" errors="0">
  <testcase name="getUrlDetails" time="3.637" classname="com.pack.base.mailOperations"/>
  <testcase name="checkSearch" time="2.78" classname="com.pack.base.mailOperations"/>
  <testcase name="composeMail" time="7.839" classname="com.pack.base.mailOperations"/>
</testsuite> <!-- Default test -->
