<?xml version="1.0" encoding="UTF-8"?>
<testng-results skipped="0" failed="0" total="2" passed="2">
  <reporter-output>
  </reporter-output>
  <suite name="Suite" duration-ms="15732" started-at="2016-03-07T09:56:20Z" finished-at="2016-03-07T09:56:36Z">
    <groups>
    </groups>
    <test name="Test" duration-ms="15732" started-at="2016-03-07T09:56:20Z" finished-at="2016-03-07T09:56:36Z">
      <class name="com.pack.base.firsttest">
        <test-method status="PASS" signature="setup()[pri:0, instance:com.pack.base.firsttest@13a6d101]" name="setup" is-config="true" duration-ms="13986" started-at="2016-03-07T15:26:20Z" finished-at="2016-03-07T15:26:34Z">
          <reporter-output>
          </reporter-output>
        </test-method> <!-- setup -->
        <test-method status="PASS" signature="test1()[pri:0, instance:com.pack.base.firsttest@13a6d101]" name="test1" duration-ms="48" started-at="2016-03-07T15:26:34Z" finished-at="2016-03-07T15:26:34Z">
          <reporter-output>
          </reporter-output>
        </test-method> <!-- test1 -->
        <test-method status="PASS" signature="test2()[pri:0, instance:com.pack.base.firsttest@13a6d101]" name="test2" duration-ms="1134" started-at="2016-03-07T15:26:34Z" finished-at="2016-03-07T15:26:35Z">
          <reporter-output>
          </reporter-output>
        </test-method> <!-- test2 -->
        <test-method status="PASS" signature="teardown()[pri:0, instance:com.pack.base.firsttest@13a6d101]" name="teardown" is-config="true" duration-ms="549" started-at="2016-03-07T15:26:35Z" finished-at="2016-03-07T15:26:36Z">
          <reporter-output>
          </reporter-output>
        </test-method> <!-- teardown -->
      </class> <!-- com.pack.base.firsttest -->
    </test> <!-- Test -->
  </suite> <!-- Suite -->
</testng-results>
