<?xml version="1.0" encoding="UTF-8"?>
<testng-results skipped="0" failed="0" total="2" passed="2">
  <reporter-output>
  </reporter-output>
  <suite name="Suite" duration-ms="18637" started-at="2016-04-01T08:21:26Z" finished-at="2016-04-01T08:21:44Z">
    <groups>
    </groups>
    <test name="Test" duration-ms="18637" started-at="2016-04-01T08:21:26Z" finished-at="2016-04-01T08:21:44Z">
      <class name="com.pack.base.firsttest">
        <test-method status="PASS" signature="setup()[pri:0, instance:com.pack.base.firsttest@b684286]" name="setup" is-config="true" duration-ms="12697" started-at="2016-04-01T13:51:26Z" finished-at="2016-04-01T13:51:39Z">
          <reporter-output>
          </reporter-output>
        </test-method> <!-- setup -->
        <test-method status="PASS" signature="test1()[pri:0, instance:com.pack.base.firsttest@b684286]" name="test1" duration-ms="2387" started-at="2016-04-01T13:51:39Z" finished-at="2016-04-01T13:51:41Z">
          <reporter-output>
          </reporter-output>
        </test-method> <!-- test1 -->
        <test-method status="PASS" signature="test2()[pri:0, instance:com.pack.base.firsttest@b684286]" name="test2" duration-ms="2898" started-at="2016-04-01T13:51:41Z" finished-at="2016-04-01T13:51:44Z">
          <reporter-output>
          </reporter-output>
        </test-method> <!-- test2 -->
        <test-method status="PASS" signature="teardown()[pri:0, instance:com.pack.base.firsttest@b684286]" name="teardown" is-config="true" duration-ms="643" started-at="2016-04-01T13:51:44Z" finished-at="2016-04-01T13:51:44Z">
          <reporter-output>
          </reporter-output>
        </test-method> <!-- teardown -->
      </class> <!-- com.pack.base.firsttest -->
    </test> <!-- Test -->
  </suite> <!-- Suite -->
</testng-results>
